#
# A fatal error has been detected by the Java Runtime Environment:
#
#  Internal Error (javaClasses.cpp:127), pid=6660, tid=6784
#  fatal error: Invalid layout of preloaded class
#
# JRE version:  (8.0_45-b14) (build )
# Java VM: Java HotSpot(TM) Client VM (25.45-b02 mixed mode windows-x86 )
# Failed to write core dump. Minidumps are not enabled by default on client versions of Windows
#
# If you would like to submit a bug report, please visit:
#   http://bugreport.java.com/bugreport/crash.jsp
#

---------------  T H R E A D  ---------------

Current thread (0x02e6c800):  JavaThread "Unknown thread" [_thread_in_vm, id=6784, stack(0x00e60000,0x00eb0000)]

Stack: [0x00e60000,0x00eb0000],  sp=0x00eaf780,  free space=317k
Native frames: (J=compiled Java code, j=interpreted, Vv=VM code, C=native code)
V  [jvm.dll+0x1a4f8b]
V  [jvm.dll+0x19d846]
V  [jvm.dll+0x42269]
V  [jvm.dll+0x4241e]
V  [jvm.dll+0x5193e]
V  [jvm.dll+0xa86ae]
V  [jvm.dll+0xa8972]
V  [jvm.dll+0x154631]
V  [jvm.dll+0x17869b]
V  [jvm.dll+0xe51a1]
C  [javaw.exe+0x14d3]
C  [javaw.exe+0x2047]
C  [javaw.exe+0xadff]
C  [javaw.exe+0xae89]
C  [KERNEL32.DLL+0x17c04]
C  [ntdll.dll+0x5ad1f]
C  [ntdll.dll+0x5acea]
C  0x00000000


---------------  P R O C E S S  ---------------

Java Threads: ( => current thread )

Other Threads:

=>0x02e6c800 (exited) JavaThread "Unknown thread" [_thread_in_vm, id=6784, stack(0x00e60000,0x00eb0000)]

VM state:not at safepoint (not fully initialized)

VM Mutex/Monitor currently owned by a thread: None

GC Heap History (0 events):
No events

Deoptimization events (0 events):
No events

Internal exceptions (0 events):
No events

Events (10 events):
Event: 0.026 loading class java/lang/CharSequence done
Event: 0.026 loading class java/lang/String done
Event: 0.026 loading class java/lang/Class
Event: 0.026 loading class java/lang/reflect/AnnotatedElement
Event: 0.027 loading class java/lang/reflect/AnnotatedElement done
Event: 0.027 loading class java/lang/reflect/GenericDeclaration
Event: 0.027 loading class java/lang/reflect/GenericDeclaration done
Event: 0.027 loading class java/lang/reflect/Type
Event: 0.027 loading class java/lang/reflect/Type done
Event: 0.027 loading class java/lang/Class done


Dynamic libraries:
0x00dd0000 - 0x00e03000 	C:\Program Files (x86)\Java\jdk1.8.0_45\bin\javaw.exe
0x77d60000 - 0x77ece000 	C:\WINDOWS\SYSTEM32\ntdll.dll
0x756e0000 - 0x75820000 	C:\WINDOWS\SYSTEM32\KERNEL32.DLL
0x75600000 - 0x756d7000 	C:\WINDOWS\SYSTEM32\KERNELBASE.dll
0x677a0000 - 0x67840000 	C:\WINDOWS\system32\apphelp.dll
0x51df0000 - 0x52056000 	C:\WINDOWS\AppPatch\AcGenral.DLL
0x76440000 - 0x76503000 	C:\WINDOWS\SYSTEM32\msvcrt.dll
0x77860000 - 0x778a1000 	C:\WINDOWS\SYSTEM32\sechost.dll
0x75550000 - 0x7556e000 	C:\WINDOWS\SYSTEM32\SspiCli.dll
0x77900000 - 0x77945000 	C:\WINDOWS\SYSTEM32\SHLWAPI.dll
0x6a910000 - 0x6a9fd000 	C:\WINDOWS\SYSTEM32\UxTheme.dll
0x76290000 - 0x763e3000 	C:\WINDOWS\SYSTEM32\USER32.dll
0x77ae0000 - 0x77bee000 	C:\WINDOWS\SYSTEM32\GDI32.dll
0x72360000 - 0x72383000 	C:\WINDOWS\SYSTEM32\WINMM.dll
0x73650000 - 0x73663000 	C:\WINDOWS\SYSTEM32\samcli.dll
0x760a0000 - 0x761c9000 	C:\WINDOWS\SYSTEM32\ole32.dll
0x75fc0000 - 0x76055000 	C:\WINDOWS\SYSTEM32\OLEAUT32.dll
0x62810000 - 0x62827000 	C:\WINDOWS\SYSTEM32\MSACM32.dll
0x74f40000 - 0x74f48000 	C:\WINDOWS\SYSTEM32\VERSION.dll
0x76510000 - 0x777cc000 	C:\WINDOWS\SYSTEM32\SHELL32.dll
0x74390000 - 0x743ab000 	C:\WINDOWS\SYSTEM32\USERENV.dll
0x67840000 - 0x6785a000 	C:\WINDOWS\SYSTEM32\dwmapi.dll
0x73f50000 - 0x7409b000 	C:\WINDOWS\SYSTEM32\urlmon.dll
0x76210000 - 0x7628c000 	C:\WINDOWS\SYSTEM32\ADVAPI32.dll
0x66580000 - 0x665e5000 	C:\WINDOWS\SYSTEM32\WINSPOOL.DRV
0x74eb0000 - 0x74ec6000 	C:\WINDOWS\SYSTEM32\MPR.dll
0x75820000 - 0x758da000 	C:\WINDOWS\SYSTEM32\RPCRT4.dll
0x75540000 - 0x7554a000 	C:\WINDOWS\SYSTEM32\CRYPTBASE.dll
0x77960000 - 0x77add000 	C:\WINDOWS\SYSTEM32\combase.dll
0x72330000 - 0x72353000 	C:\WINDOWS\SYSTEM32\WINMMBASE.dll
0x74380000 - 0x7438f000 	C:\WINDOWS\SYSTEM32\profapi.dll
0x743b0000 - 0x745e2000 	C:\WINDOWS\SYSTEM32\iertutil.dll
0x745f0000 - 0x747e3000 	C:\WINDOWS\SYSTEM32\WININET.dll
0x754e0000 - 0x75534000 	C:\WINDOWS\SYSTEM32\bcryptPrimitives.dll
0x763f0000 - 0x7642c000 	C:\WINDOWS\SYSTEM32\cfgmgr32.dll
0x74b30000 - 0x74b51000 	C:\WINDOWS\SYSTEM32\DEVOBJ.dll
0x74860000 - 0x748eb000 	C:\WINDOWS\SYSTEM32\SHCORE.DLL
0x77830000 - 0x77857000 	C:\WINDOWS\system32\IMM32.DLL
0x75e40000 - 0x75f52000 	C:\WINDOWS\SYSTEM32\MSCTF.dll
0x748f0000 - 0x74af6000 	C:\WINDOWS\WinSxS\x86_microsoft.windows.common-controls_6595b64144ccf1df_6.0.9600.18006_none_a9ec6aab013aafee\COMCTL32.dll
0x51d30000 - 0x51def000 	C:\Program Files (x86)\Java\jdk1.8.0_45\jre\bin\msvcr100.dll
0x63780000 - 0x63b40000 	C:\Program Files (x86)\Java\jdk1.8.0_45\jre\bin\client\jvm.dll
0x67c50000 - 0x67c58000 	C:\WINDOWS\SYSTEM32\WSOCK32.dll
0x76080000 - 0x76086000 	C:\WINDOWS\SYSTEM32\PSAPI.DLL
0x778b0000 - 0x77900000 	C:\WINDOWS\SYSTEM32\WS2_32.dll
0x75c70000 - 0x75c77000 	C:\WINDOWS\SYSTEM32\NSI.dll
0x672e0000 - 0x672ec000 	C:\Program Files (x86)\Java\jdk1.8.0_45\jre\bin\verify.dll
0x672b0000 - 0x672d1000 	C:\Program Files (x86)\Java\jdk1.8.0_45\jre\bin\java.dll
0x67290000 - 0x672a3000 	C:\Program Files (x86)\Java\jdk1.8.0_45\jre\bin\zip.dll
0x75310000 - 0x75451000 	C:\WINDOWS\SYSTEM32\dbghelp.dll

VM Arguments:
jvm_args: -Dfile.encoding=UTF-8 -Xbootclasspath:C:\adt-bundle-windows-x86\sdk\platforms\android-4.2\android.jar 
java_command: org.eclipse.jdt.internal.junit.runner.RemoteTestRunner -version 3 -port 51233 -testLoaderClass org.eclipse.jdt.internal.junit4.runner.JUnit4TestLoader -loaderpluginname org.eclipse.jdt.junit4.runtime -test com.jiang.shanwe.util.DateUtil:testOne
java_class_path (initial): G:\Android\workspace\LoveAccount\bin\classes;G:\Android\workspace\LoveAccount\libs\androidannotations-api-3.3.2.jar;G:\Android\workspace\LoveAccount\libs\android-support-v4.jar;G:\Android\workspace\LoveAccount\libs\achartengine-1.0.0.jar;C:\adt-bundle-windows-x86\eclipse\plugins\org.junit_4.8.2.v4_8_2_v20110321-1705\junit.jar;C:\adt-bundle-windows-x86\eclipse\plugins\org.hamcrest.core_1.1.0.v20090501071000.jar;/C:/adt-bundle-windows-x86/eclipse/configuration/org.eclipse.osgi/bundles/177/2/.cp/;/C:/adt-bundle-windows-x86/eclipse/configuration/org.eclipse.osgi/bundles/175/2/.cp/;/C:/adt-bundle-windows-x86/eclipse/configuration/org.eclipse.osgi/bundles/176/2/.cp/
Launcher Type: SUN_STANDARD

Environment Variables:
JAVA_HOME=C:\Program Files (x86)\Java\jdk1.8.0_45
CLASSPATH=C:\Program Files (x86)\Java\jdk1.8.0_45\bin;C:\Program Files (x86)\Java\jdk1.8.0_45\lib\dt.jar;C:\Program Files (x86)\Java\jdk1.8.0_45\lib\tools.jar
PATH=C:/Program Files (x86)/Java/jdk1.8.0_45/bin/../jre/bin/client;C:/Program Files (x86)/Java/jdk1.8.0_45/bin/../jre/bin;C:/Program Files (x86)/Java/jdk1.8.0_45/bin/../jre/lib/i386;C:\Program Files (x86)\Common Files\NetSarang;C:\Program Files (x86)\Java\jdk1.8.0_45\bin;C:\Program Files (x86)\Java\jdk1.8.0_45\jre\bin;C:\Program Files (x86)\NVIDIA Corporation\PhysX\Common;C:\Program Files (x86)\Intel\iCLS Client\;C:\Program Files\Intel\iCLS Client\;C:\WINDOWS\system32;C:\WINDOWS;C:\WINDOWS\System32\Wbem;C:\WINDOWS\System32\WindowsPowerShell\v1.0\;C:\Program Files (x86)\Intel\OpenCL SDK\2.0\bin\x86;C:\Program Files (x86)\Intel\OpenCL SDK\2.0\bin\x64;C:\Program Files\Intel\Intel(R) Management Engine Components\DAL;C:\Program Files\Intel\Intel(R) Management Engine Components\IPT;C:\Program Files (x86)\Intel\Intel(R) Management Engine Components\DAL;C:\Program Files (x86)\Intel\Intel(R) Management Engine Components\IPT;C:\Program Files\Microsoft\Web Platform Installer\;C:\Program Files (x86)\Microsoft ASP.NET\ASP.NET Web Pages\v1.0\;C:\Program Files (x86)\Common Files\Autodesk Shared\;;C:\adt-bundle-windows-x86\eclipse;
USERNAME=Harold
OS=Windows_NT
PROCESSOR_IDENTIFIER=Intel64 Family 6 Model 58 Stepping 9, GenuineIntel



---------------  S Y S T E M  ---------------

OS: Windows 8.1 , 64 bit Build 9600 (6.3.9600.17415)

CPU:total 4 (2 cores per cpu, 2 threads per core) family 6 model 58 stepping 9, cmov, cx8, fxsr, mmx, sse, sse2, sse3, ssse3, sse4.1, sse4.2, popcnt, avx, aes, clmul, erms, ht, tsc, tscinvbit, tscinv

Memory: 4k page, physical 8251156k(5216668k free), swap 9103124k(5695360k free)

vm_info: Java HotSpot(TM) Client VM (25.45-b02) for windows-x86 JRE (1.8.0_45-b14), built on Apr 10 2015 10:46:40 by "java_re" with MS VC++ 10.0 (VS2010)

time: Wed Dec 09 20:19:24 2015
elapsed time: 0 seconds (0d 0h 0m 0s)

